<?xml version="1.0" encoding="UTF-8"?>
<testng-results skipped="0" failed="0" ignored="0" total="1" passed="1">
  <reporter-output>
  </reporter-output>
  <suite name="Default suite" duration-ms="57235" started-at="2019-01-03T02:33:53Z" finished-at="2019-01-03T02:34:50Z">
    <groups>
    </groups>
    <test name="Default test" duration-ms="57235" started-at="2019-01-03T02:33:53Z" finished-at="2019-01-03T02:34:50Z">
      <class name="Testcase.LoginEbay">
        <test-method status="PASS" signature="Login()[pri:0, instance:Testcase.LoginEbay@6767c1fc]" name="Login" duration-ms="57194" started-at="2019-01-03T02:33:53Z" finished-at="2019-01-03T02:34:50Z">
          <reporter-output>
          </reporter-output>
        </test-method> <!-- Login -->
      </class> <!-- Testcase.LoginEbay -->
    </test> <!-- Default test -->
  </suite> <!-- Default suite -->
</testng-results>
